<?xml version="1.0" encoding="UTF-8"?>
<!-- Generated by org.testng.reporters.JUnitXMLReporter -->
<testsuite hostname="P3A-HQ3PXJ2" ignored="0" name="Test" tests="7" failures="3" timestamp="23 Sep 2019 04:15:16 GMT" time="0.101" errors="0">
  <testcase name="Test5" time="0.011" classname="testngFeatures.DemoAssertion1"/>
  <testcase name="Test6" time="0.002" classname="testngFeatures.DemoAssertion1">
    <failure type="java.lang.AssertionError" message="Failing">
      <![CDATA[java.lang.AssertionError: Failing
at testngFeatures.DemoAssertion1.Test6(DemoAssertion1.java:35)
... Removed 26 stack frames]]>
    </failure>
  </testcase> <!-- Test6 -->
  <testcase name="test1" time="0.004" classname="testngFeatures.DemoAssertion1">
    <failure type="java.lang.AssertionError" message="expected [GoodBye] but found [Bye]">
      <![CDATA[java.lang.AssertionError: expected [GoodBye] but found [Bye]
at testngFeatures.DemoAssertion1.test1(DemoAssertion1.java:9)
... Removed 31 stack frames]]>
    </failure>
  </testcase> <!-- test1 -->
  <testcase name="test2" time="0.003" classname="testngFeatures.DemoAssertion1"/>
  <testcase name="test3" time="0.003" classname="testngFeatures.DemoAssertion1"/>
  <testcase name="test4" time="0.002" classname="testngFeatures.DemoAssertion1"/>
  <testcase name="f" time="0.005" classname="testngFeatures.DemoSoftAssert">
    <failure type="java.lang.AssertionError" message="The following asserts failed:
	expected [12] but found [10],
	Error expected [true] but found [false]">
      <![CDATA[java.lang.AssertionError: The following asserts failed:
expected [12] but found [10],
Error expected [true] but found [false]
at testngFeatures.DemoSoftAssert.f(DemoSoftAssert.java:17)
... Removed 26 stack frames]]>
    </failure>
  </testcase> <!-- f -->
</testsuite> <!-- Test -->
